{"/app/src/app.module.ts": {"path":"/app/src/app.module.ts","statementMap":{"0":{"start":{"line":1,"column":0},"end":{"line":1,"column":40}},"1":{"start":{"line":2,"column":0},"end":{"line":2,"column":71}},"2":{"start":{"line":3,"column":0},"end":{"line":3,"column":68}},"3":{"start":{"line":4,"column":0},"end":{"line":4,"column":54}},"4":{"start":{"line":9,"column":7},"end":{"line":9,"column":null}},"5":{"start":{"line":9,"column":13},"end":{"line":9,"column":22}},"6":{"start":{"line":9,"column":13},"end":{"line":9,"column":null}}},"fnMap":{},"branchMap":{},"s":{"0":0,"1":0,"2":0,"3":0,"4":0,"5":0,"6":0},"f":{},"b":{}}
,"/app/src/main.ts": {"path":"/app/src/main.ts","statementMap":{"0":{"start":{"line":1,"column":0},"end":{"line":1,"column":48}},"1":{"start":{"line":2,"column":0},"end":{"line":2,"column":43}},"2":{"start":{"line":3,"column":0},"end":{"line":3,"column":41}},"3":{"start":{"line":6,"column":14},"end":{"line":6,"column":49}},"4":{"start":{"line":8,"column":2},"end":{"line":14,"column":4}},"5":{"start":{"line":16,"column":2},"end":{"line":16,"column":45}},"6":{"start":{"line":19,"column":0},"end":{"line":19,"column":17}}},"fnMap":{"0":{"name":"bootstrap","decl":{"start":{"line":5,"column":15},"end":{"line":5,"column":24}},"loc":{"start":{"line":5,"column":24},"end":{"line":17,"column":1}}}},"branchMap":{"0":{"loc":{"start":{"line":16,"column":19},"end":{"line":16,"column":43}},"type":"binary-expr","locations":[{"start":{"line":16,"column":19},"end":{"line":16,"column":35}},{"start":{"line":16,"column":39},"end":{"line":16,"column":43}}]}},"s":{"0":0,"1":0,"2":0,"3":0,"4":0,"5":0,"6":0},"f":{"0":0},"b":{"0":[0,0]}}
,"/app/src/modules/customers/customers.controller.ts": {"path":"/app/src/modules/customers/customers.controller.ts","statementMap":{"0":{"start":{"line":1,"column":0},"end":{"line":1,"column":68}},"1":{"start":{"line":2,"column":0},"end":{"line":2,"column":55}},"2":{"start":{"line":3,"column":0},"end":{"line":3,"column":62}},"3":{"start":{"line":6,"column":7},"end":{"line":18,"column":null}},"4":{"start":{"line":7,"column":31},"end":{"line":7,"column":49}},"5":{"start":{"line":11,"column":4},"end":{"line":11,"column":59}},"6":{"start":{"line":16,"column":4},"end":{"line":16,"column":56}},"7":{"start":{"line":6,"column":13},"end":{"line":6,"column":32}},"8":{"start":{"line":10,"column":2},"end":{"line":12,"column":null}},"9":{"start":{"line":15,"column":2},"end":{"line":17,"column":null}},"10":{"start":{"line":6,"column":13},"end":{"line":18,"column":null}}},"fnMap":{"0":{"name":"(anonymous_4)","decl":{"start":{"line":7,"column":2},"end":{"line":7,"column":31}},"loc":{"start":{"line":7,"column":65},"end":{"line":7,"column":69}}},"1":{"name":"(anonymous_5)","decl":{"start":{"line":10,"column":2},"end":{"line":10,"column":8}},"loc":{"start":{"line":10,"column":53},"end":{"line":12,"column":3}}},"2":{"name":"(anonymous_6)","decl":{"start":{"line":15,"column":2},"end":{"line":15,"column":15}},"loc":{"start":{"line":15,"column":49},"end":{"line":17,"column":3}}}},"branchMap":{},"s":{"0":1,"1":1,"2":1,"3":1,"4":3,"5":1,"6":1,"7":1,"8":1,"9":1,"10":1},"f":{"0":3,"1":1,"2":1},"b":{}}
,"/app/src/modules/customers/customers.module.ts": {"path":"/app/src/modules/customers/customers.module.ts","statementMap":{"0":{"start":{"line":1,"column":0},"end":{"line":1,"column":40}},"1":{"start":{"line":2,"column":0},"end":{"line":2,"column":62}},"2":{"start":{"line":3,"column":0},"end":{"line":3,"column":61}},"3":{"start":{"line":4,"column":0},"end":{"line":4,"column":55}},"4":{"start":{"line":12,"column":7},"end":{"line":12,"column":null}},"5":{"start":{"line":12,"column":13},"end":{"line":12,"column":28}},"6":{"start":{"line":12,"column":13},"end":{"line":12,"column":null}}},"fnMap":{},"branchMap":{},"s":{"0":0,"1":0,"2":0,"3":0,"4":0,"5":0,"6":0},"f":{},"b":{}}
,"/app/src/modules/customers/customers.service.ts": {"path":"/app/src/modules/customers/customers.service.ts","statementMap":{"0":{"start":{"line":1,"column":0},"end":{"line":1,"column":74}},"1":{"start":{"line":2,"column":0},"end":{"line":2,"column":64}},"2":{"start":{"line":7,"column":7},"end":{"line":33,"column":null}},"3":{"start":{"line":8,"column":31},"end":{"line":8,"column":45}},"4":{"start":{"line":11,"column":4},"end":{"line":19,"column":5}},"5":{"start":{"line":13,"column":8},"end":{"line":13,"column":65}},"6":{"start":{"line":14,"column":6},"end":{"line":14,"column":27}},"7":{"start":{"line":16,"column":6},"end":{"line":18,"column":8}},"8":{"start":{"line":23,"column":4},"end":{"line":31,"column":5}},"9":{"start":{"line":25,"column":8},"end":{"line":25,"column":53}},"10":{"start":{"line":26,"column":6},"end":{"line":26,"column":27}},"11":{"start":{"line":28,"column":6},"end":{"line":30,"column":8}},"12":{"start":{"line":7,"column":13},"end":{"line":7,"column":29}},"13":{"start":{"line":7,"column":13},"end":{"line":33,"column":null}}},"fnMap":{"0":{"name":"(anonymous_2)","decl":{"start":{"line":8,"column":2},"end":{"line":8,"column":31}},"loc":{"start":{"line":8,"column":57},"end":{"line":8,"column":61}}},"1":{"name":"(anonymous_3)","decl":{"start":{"line":10,"column":2},"end":{"line":10,"column":7}},"loc":{"start":{"line":10,"column":51},"end":{"line":20,"column":3}}},"2":{"name":"(anonymous_4)","decl":{"start":{"line":22,"column":2},"end":{"line":22,"column":7}},"loc":{"start":{"line":22,"column":37},"end":{"line":32,"column":3}}}},"branchMap":{"0":{"loc":{"start":{"line":17,"column":36},"end":{"line":17,"column":92}},"type":"cond-expr","locations":[{"start":{"line":17,"column":61},"end":{"line":17,"column":74}},{"start":{"line":17,"column":77},"end":{"line":17,"column":92}}]},"1":{"loc":{"start":{"line":29,"column":35},"end":{"line":29,"column":91}},"type":"cond-expr","locations":[{"start":{"line":29,"column":60},"end":{"line":29,"column":73}},{"start":{"line":29,"column":76},"end":{"line":29,"column":91}}]}},"s":{"0":2,"1":2,"2":2,"3":4,"4":2,"5":2,"6":1,"7":1,"8":2,"9":2,"10":1,"11":1,"12":2,"13":2},"f":{"0":4,"1":2,"2":2},"b":{"0":[1,0],"1":[1,0]}}
,"/app/src/modules/customers/dto/create-customer.dto.ts": {"path":"/app/src/modules/customers/dto/create-customer.dto.ts","statementMap":{"0":{"start":{"line":1,"column":0},"end":{"line":1,"column":null}},"1":{"start":{"line":9,"column":0},"end":{"line":9,"column":75}},"2":{"start":{"line":11,"column":0},"end":{"line":11,"column":13}},"3":{"start":{"line":14,"column":2},"end":{"line":14,"column":null}},"4":{"start":{"line":23,"column":2},"end":{"line":23,"column":null}},"5":{"start":{"line":20,"column":31},"end":{"line":20,"column":54}},"6":{"start":{"line":26,"column":2},"end":{"line":26,"column":null}},"7":{"start":{"line":30,"column":2},"end":{"line":30,"column":null}},"8":{"start":{"line":34,"column":2},"end":{"line":34,"column":null}},"9":{"start":{"line":38,"column":2},"end":{"line":38,"column":null}},"10":{"start":{"line":42,"column":2},"end":{"line":42,"column":null}},"11":{"start":{"line":46,"column":2},"end":{"line":46,"column":null}},"12":{"start":{"line":50,"column":2},"end":{"line":50,"column":null}},"13":{"start":{"line":55,"column":2},"end":{"line":55,"column":null}}},"fnMap":{"0":{"name":"(anonymous_2)","decl":{"start":{"line":20,"column":12},"end":{"line":20,"column":13}},"loc":{"start":{"line":20,"column":31},"end":{"line":20,"column":54}}}},"branchMap":{},"s":{"0":1,"1":1,"2":1,"3":1,"4":1,"5":0,"6":1,"7":1,"8":1,"9":1,"10":1,"11":1,"12":1,"13":1},"f":{"0":0},"b":{}}
,"/app/src/modules/payments/payments.controller.ts": {"path":"/app/src/modules/payments/payments.controller.ts","statementMap":{"0":{"start":{"line":1,"column":0},"end":{"line":1,"column":44}},"1":{"start":{"line":4,"column":7},"end":{"line":4,"column":null}},"2":{"start":{"line":4,"column":13},"end":{"line":4,"column":31}},"3":{"start":{"line":4,"column":13},"end":{"line":4,"column":null}}},"fnMap":{},"branchMap":{},"s":{"0":1,"1":1,"2":1,"3":1},"f":{},"b":{}}
,"/app/src/modules/payments/payments.module.ts": {"path":"/app/src/modules/payments/payments.module.ts","statementMap":{"0":{"start":{"line":1,"column":0},"end":{"line":1,"column":40}},"1":{"start":{"line":2,"column":0},"end":{"line":2,"column":53}},"2":{"start":{"line":3,"column":0},"end":{"line":3,"column":59}},"3":{"start":{"line":9,"column":7},"end":{"line":9,"column":null}},"4":{"start":{"line":9,"column":13},"end":{"line":9,"column":27}},"5":{"start":{"line":9,"column":13},"end":{"line":9,"column":null}}},"fnMap":{},"branchMap":{},"s":{"0":0,"1":0,"2":0,"3":0,"4":0,"5":0},"f":{},"b":{}}
,"/app/src/modules/payments/payments.service.ts": {"path":"/app/src/modules/payments/payments.service.ts","statementMap":{"0":{"start":{"line":1,"column":0},"end":{"line":1,"column":44}},"1":{"start":{"line":4,"column":7},"end":{"line":4,"column":null}},"2":{"start":{"line":4,"column":13},"end":{"line":4,"column":28}},"3":{"start":{"line":4,"column":13},"end":{"line":4,"column":null}}},"fnMap":{},"branchMap":{},"s":{"0":1,"1":1,"2":1,"3":1},"f":{},"b":{}}
,"/app/src/shared/shared.module.ts": {"path":"/app/src/shared/shared.module.ts","statementMap":{"0":{"start":{"line":1,"column":0},"end":{"line":1,"column":48}},"1":{"start":{"line":2,"column":0},"end":{"line":2,"column":51}},"2":{"start":{"line":3,"column":0},"end":{"line":3,"column":54}},"3":{"start":{"line":10,"column":7},"end":{"line":10,"column":null}},"4":{"start":{"line":10,"column":13},"end":{"line":10,"column":25}},"5":{"start":{"line":10,"column":13},"end":{"line":10,"column":null}}},"fnMap":{},"branchMap":{},"s":{"0":0,"1":0,"2":0,"3":0,"4":0,"5":0},"f":{},"b":{}}
,"/app/src/shared/asaas/asaas.config.ts": {"path":"/app/src/shared/asaas/asaas.config.ts","statementMap":{"0":{"start":{"line":1,"column":0},"end":{"line":1,"column":44}},"1":{"start":{"line":3,"column":0},"end":{"line":11,"column":4}},"2":{"start":{"line":3,"column":42},"end":{"line":11,"column":2}}},"fnMap":{"0":{"name":"(anonymous_0)","decl":{"start":{"line":3,"column":35},"end":{"line":3,"column":38}},"loc":{"start":{"line":3,"column":42},"end":{"line":11,"column":2}}}},"branchMap":{"0":{"loc":{"start":{"line":4,"column":10},"end":{"line":4,"column":59}},"type":"binary-expr","locations":[{"start":{"line":4,"column":10},"end":{"line":4,"column":35}},{"start":{"line":4,"column":39},"end":{"line":4,"column":59}}]},"1":{"loc":{"start":{"line":5,"column":10},"end":{"line":5,"column":71}},"type":"binary-expr","locations":[{"start":{"line":5,"column":10},"end":{"line":5,"column":35}},{"start":{"line":5,"column":39},"end":{"line":5,"column":71}}]},"2":{"loc":{"start":{"line":6,"column":14},"end":{"line":6,"column":51}},"type":"binary-expr","locations":[{"start":{"line":6,"column":14},"end":{"line":6,"column":43}},{"start":{"line":6,"column":47},"end":{"line":6,"column":51}}]},"3":{"loc":{"start":{"line":9,"column":18},"end":{"line":9,"column":67}},"type":"binary-expr","locations":[{"start":{"line":9,"column":18},"end":{"line":9,"column":43}},{"start":{"line":9,"column":47},"end":{"line":9,"column":67}}]}},"s":{"0":0,"1":0,"2":0},"f":{"0":0},"b":{"0":[0,0],"1":[0,0],"2":[0,0],"3":[0,0]}}
,"/app/src/shared/asaas/asaas.module.ts": {"path":"/app/src/shared/asaas/asaas.module.ts","statementMap":{"0":{"start":{"line":1,"column":0},"end":{"line":1,"column":48}},"1":{"start":{"line":2,"column":0},"end":{"line":2,"column":46}},"2":{"start":{"line":3,"column":0},"end":{"line":3,"column":41}},"3":{"start":{"line":4,"column":0},"end":{"line":4,"column":47}},"4":{"start":{"line":17,"column":7},"end":{"line":17,"column":null}},"5":{"start":{"line":17,"column":13},"end":{"line":17,"column":24}},"6":{"start":{"line":17,"column":13},"end":{"line":17,"column":null}}},"fnMap":{},"branchMap":{},"s":{"0":0,"1":0,"2":0,"3":0,"4":0,"5":0,"6":0},"f":{},"b":{}}
,"/app/src/shared/asaas/asaas.service.ts": {"path":"/app/src/shared/asaas/asaas.service.ts","statementMap":{"0":{"start":{"line":1,"column":0},"end":{"line":1,"column":66}},"1":{"start":{"line":2,"column":0},"end":{"line":2,"column":47}},"2":{"start":{"line":3,"column":0},"end":{"line":3,"column":72}},"3":{"start":{"line":8,"column":25},"end":{"line":66,"column":null}},"4":{"start":{"line":15,"column":31},"end":{"line":15,"column":46}},"5":{"start":{"line":10,"column":19},"end":{"line":10,"column":58}},"6":{"start":{"line":11,"column":19},"end":{"line":11,"column":75}},"7":{"start":{"line":12,"column":19},"end":{"line":13,"column":55}},"8":{"start":{"line":18,"column":4},"end":{"line":20,"column":5}},"9":{"start":{"line":19,"column":6},"end":{"line":19,"column":57}},"10":{"start":{"line":22,"column":4},"end":{"line":29,"column":7}},"11":{"start":{"line":31,"column":4},"end":{"line":48,"column":6}},"12":{"start":{"line":32,"column":20},"end":{"line":32,"column":28}},"13":{"start":{"line":34,"column":8},"end":{"line":45,"column":10}},"14":{"start":{"line":46,"column":8},"end":{"line":46,"column":37}},"15":{"start":{"line":52,"column":4},"end":{"line":52,"column":45}},"16":{"start":{"line":56,"column":4},"end":{"line":56,"column":44}},"17":{"start":{"line":60,"column":4},"end":{"line":60,"column":43}},"18":{"start":{"line":64,"column":4},"end":{"line":64,"column":63}},"19":{"start":{"line":8,"column":13},"end":{"line":8,"column":25}},"20":{"start":{"line":8,"column":13},"end":{"line":66,"column":null}}},"fnMap":{"0":{"name":"(anonymous_2)","decl":{"start":{"line":15,"column":2},"end":{"line":15,"column":31}},"loc":{"start":{"line":15,"column":59},"end":{"line":15,"column":63}}},"1":{"name":"(anonymous_3)","decl":{"start":{"line":17,"column":2},"end":{"line":17,"column":14}},"loc":{"start":{"line":17,"column":14},"end":{"line":49,"column":3}}},"2":{"name":"(anonymous_4)","decl":{"start":{"line":32,"column":6},"end":{"line":32,"column":7}},"loc":{"start":{"line":32,"column":20},"end":{"line":32,"column":28}}},"3":{"name":"(anonymous_5)","decl":{"start":{"line":33,"column":6},"end":{"line":33,"column":7}},"loc":{"start":{"line":33,"column":28},"end":{"line":47,"column":7}}},"4":{"name":"(anonymous_6)","decl":{"start":{"line":51,"column":2},"end":{"line":51,"column":7}},"loc":{"start":{"line":51,"column":32},"end":{"line":53,"column":3}}},"5":{"name":"(anonymous_7)","decl":{"start":{"line":55,"column":2},"end":{"line":55,"column":7}},"loc":{"start":{"line":55,"column":31},"end":{"line":57,"column":3}}},"6":{"name":"(anonymous_8)","decl":{"start":{"line":59,"column":2},"end":{"line":59,"column":7}},"loc":{"start":{"line":59,"column":29},"end":{"line":61,"column":3}}},"7":{"name":"(anonymous_9)","decl":{"start":{"line":63,"column":2},"end":{"line":63,"column":7}},"loc":{"start":{"line":63,"column":36},"end":{"line":65,"column":3}}}},"branchMap":{"0":{"loc":{"start":{"line":18,"column":4},"end":{"line":20,"column":5}},"type":"if","locations":[{"start":{"line":18,"column":4},"end":{"line":20,"column":5}}]}},"s":{"0":3,"1":3,"2":3,"3":3,"4":5,"5":5,"6":5,"7":5,"8":5,"9":0,"10":5,"11":5,"12":0,"13":0,"14":0,"15":1,"16":1,"17":1,"18":0,"19":3,"20":3},"f":{"0":5,"1":5,"2":0,"3":0,"4":1,"5":1,"6":1,"7":0},"b":{"0":[0]}}
,"/app/src/shared/helpers/document.helper.ts": {"path":"/app/src/shared/helpers/document.helper.ts","statementMap":{"0":{"start":{"line":1,"column":0},"end":{"line":1,"column":16}},"1":{"start":{"line":2,"column":2},"end":{"line":51,"column":3}},"2":{"start":{"line":4,"column":14},"end":{"line":4,"column":15}},"3":{"start":{"line":6,"column":4},"end":{"line":6,"column":46}},"4":{"start":{"line":6,"column":33},"end":{"line":6,"column":46}},"5":{"start":{"line":8,"column":4},"end":{"line":10,"column":5}},"6":{"start":{"line":8,"column":17},"end":{"line":8,"column":18}},"7":{"start":{"line":9,"column":6},"end":{"line":9,"column":65}},"8":{"start":{"line":11,"column":4},"end":{"line":11,"column":27}},"9":{"start":{"line":12,"column":4},"end":{"line":12,"column":45}},"10":{"start":{"line":12,"column":36},"end":{"line":12,"column":45}},"11":{"start":{"line":13,"column":4},"end":{"line":13,"column":64}},"12":{"start":{"line":13,"column":51},"end":{"line":13,"column":64}},"13":{"start":{"line":15,"column":4},"end":{"line":15,"column":12}},"14":{"start":{"line":16,"column":4},"end":{"line":18,"column":5}},"15":{"start":{"line":16,"column":17},"end":{"line":16,"column":18}},"16":{"start":{"line":17,"column":6},"end":{"line":17,"column":65}},"17":{"start":{"line":19,"column":4},"end":{"line":19,"column":27}},"18":{"start":{"line":20,"column":4},"end":{"line":20,"column":45}},"19":{"start":{"line":20,"column":36},"end":{"line":20,"column":45}},"20":{"start":{"line":21,"column":4},"end":{"line":21,"column":65}},"21":{"start":{"line":21,"column":52},"end":{"line":21,"column":65}},"22":{"start":{"line":23,"column":4},"end":{"line":23,"column":16}},"23":{"start":{"line":24,"column":9},"end":{"line":51,"column":3}},"24":{"start":{"line":26,"column":15},"end":{"line":26,"column":31}},"25":{"start":{"line":27,"column":18},"end":{"line":27,"column":42}},"26":{"start":{"line":28,"column":19},"end":{"line":28,"column":40}},"27":{"start":{"line":29,"column":14},"end":{"line":29,"column":15}},"28":{"start":{"line":30,"column":14},"end":{"line":30,"column":22}},"29":{"start":{"line":32,"column":4},"end":{"line":35,"column":5}},"30":{"start":{"line":32,"column":17},"end":{"line":32,"column":21}},"31":{"start":{"line":33,"column":6},"end":{"line":33,"column":56}},"32":{"start":{"line":34,"column":6},"end":{"line":34,"column":27}},"33":{"start":{"line":34,"column":19},"end":{"line":34,"column":27}},"34":{"start":{"line":36,"column":17},"end":{"line":36,"column":51}},"35":{"start":{"line":37,"column":4},"end":{"line":37,"column":60}},"36":{"start":{"line":37,"column":47},"end":{"line":37,"column":60}},"37":{"start":{"line":39,"column":4},"end":{"line":39,"column":20}},"38":{"start":{"line":40,"column":4},"end":{"line":40,"column":39}},"39":{"start":{"line":41,"column":4},"end":{"line":41,"column":12}},"40":{"start":{"line":42,"column":4},"end":{"line":42,"column":19}},"41":{"start":{"line":43,"column":4},"end":{"line":46,"column":5}},"42":{"start":{"line":43,"column":17},"end":{"line":43,"column":21}},"43":{"start":{"line":44,"column":6},"end":{"line":44,"column":56}},"44":{"start":{"line":45,"column":6},"end":{"line":45,"column":27}},"45":{"start":{"line":45,"column":19},"end":{"line":45,"column":27}},"46":{"start":{"line":47,"column":4},"end":{"line":47,"column":48}},"47":{"start":{"line":48,"column":4},"end":{"line":48,"column":60}},"48":{"start":{"line":48,"column":47},"end":{"line":48,"column":60}},"49":{"start":{"line":50,"column":4},"end":{"line":50,"column":16}},"50":{"start":{"line":52,"column":2},"end":{"line":52,"column":15}}},"fnMap":{"0":{"name":"validateDocument","decl":{"start":{"line":1,"column":16},"end":{"line":1,"column":32}},"loc":{"start":{"line":1,"column":46},"end":{"line":53,"column":1}}}},"branchMap":{"0":{"loc":{"start":{"line":2,"column":2},"end":{"line":51,"column":3}},"type":"if","locations":[{"start":{"line":2,"column":2},"end":{"line":51,"column":3}},{"start":{"line":24,"column":9},"end":{"line":51,"column":3}}]},"1":{"loc":{"start":{"line":6,"column":4},"end":{"line":6,"column":46}},"type":"if","locations":[{"start":{"line":6,"column":4},"end":{"line":6,"column":46}}]},"2":{"loc":{"start":{"line":12,"column":4},"end":{"line":12,"column":45}},"type":"if","locations":[{"start":{"line":12,"column":4},"end":{"line":12,"column":45}}]},"3":{"loc":{"start":{"line":12,"column":8},"end":{"line":12,"column":34}},"type":"binary-expr","locations":[{"start":{"line":12,"column":8},"end":{"line":12,"column":19}},{"start":{"line":12,"column":23},"end":{"line":12,"column":34}}]},"4":{"loc":{"start":{"line":13,"column":4},"end":{"line":13,"column":64}},"type":"if","locations":[{"start":{"line":13,"column":4},"end":{"line":13,"column":64}}]},"5":{"loc":{"start":{"line":20,"column":4},"end":{"line":20,"column":45}},"type":"if","locations":[{"start":{"line":20,"column":4},"end":{"line":20,"column":45}}]},"6":{"loc":{"start":{"line":20,"column":8},"end":{"line":20,"column":34}},"type":"binary-expr","locations":[{"start":{"line":20,"column":8},"end":{"line":20,"column":19}},{"start":{"line":20,"column":23},"end":{"line":20,"column":34}}]},"7":{"loc":{"start":{"line":21,"column":4},"end":{"line":21,"column":65}},"type":"if","locations":[{"start":{"line":21,"column":4},"end":{"line":21,"column":65}}]},"8":{"loc":{"start":{"line":24,"column":9},"end":{"line":51,"column":3}},"type":"if","locations":[{"start":{"line":24,"column":9},"end":{"line":51,"column":3}}]},"9":{"loc":{"start":{"line":34,"column":6},"end":{"line":34,"column":27}},"type":"if","locations":[{"start":{"line":34,"column":6},"end":{"line":34,"column":27}}]},"10":{"loc":{"start":{"line":36,"column":17},"end":{"line":36,"column":51}},"type":"cond-expr","locations":[{"start":{"line":36,"column":32},"end":{"line":36,"column":33}},{"start":{"line":36,"column":36},"end":{"line":36,"column":51}}]},"11":{"loc":{"start":{"line":37,"column":4},"end":{"line":37,"column":60}},"type":"if","locations":[{"start":{"line":37,"column":4},"end":{"line":37,"column":60}}]},"12":{"loc":{"start":{"line":45,"column":6},"end":{"line":45,"column":27}},"type":"if","locations":[{"start":{"line":45,"column":6},"end":{"line":45,"column":27}}]},"13":{"loc":{"start":{"line":47,"column":13},"end":{"line":47,"column":47}},"type":"cond-expr","locations":[{"start":{"line":47,"column":28},"end":{"line":47,"column":29}},{"start":{"line":47,"column":32},"end":{"line":47,"column":47}}]},"14":{"loc":{"start":{"line":48,"column":4},"end":{"line":48,"column":60}},"type":"if","locations":[{"start":{"line":48,"column":4},"end":{"line":48,"column":60}}]}},"s":{"0":1,"1":0,"2":0,"3":0,"4":0,"5":0,"6":0,"7":0,"8":0,"9":0,"10":0,"11":0,"12":0,"13":0,"14":0,"15":0,"16":0,"17":0,"18":0,"19":0,"20":0,"21":0,"22":0,"23":0,"24":0,"25":0,"26":0,"27":0,"28":0,"29":0,"30":0,"31":0,"32":0,"33":0,"34":0,"35":0,"36":0,"37":0,"38":0,"39":0,"40":0,"41":0,"42":0,"43":0,"44":0,"45":0,"46":0,"47":0,"48":0,"49":0,"50":0},"f":{"0":0},"b":{"0":[0,0],"1":[0],"2":[0],"3":[0,0],"4":[0],"5":[0],"6":[0,0],"7":[0],"8":[0],"9":[0],"10":[0,0],"11":[0],"12":[0],"13":[0,0],"14":[0]}}
,"/app/src/shared/prisma/prisma.config.ts": {"path":"/app/src/shared/prisma/prisma.config.ts","statementMap":{"0":{"start":{"line":1,"column":0},"end":{"line":1,"column":44}},"1":{"start":{"line":3,"column":0},"end":{"line":10,"column":4}},"2":{"start":{"line":3,"column":43},"end":{"line":10,"column":2}}},"fnMap":{"0":{"name":"(anonymous_0)","decl":{"start":{"line":3,"column":36},"end":{"line":3,"column":39}},"loc":{"start":{"line":3,"column":43},"end":{"line":10,"column":2}}}},"branchMap":{"0":{"loc":{"start":{"line":4,"column":7},"end":{"line":4,"column":73}},"type":"binary-expr","locations":[{"start":{"line":4,"column":7},"end":{"line":4,"column":31}},{"start":{"line":4,"column":35},"end":{"line":4,"column":73}}]}},"s":{"0":0,"1":0,"2":0},"f":{"0":0},"b":{"0":[0,0]}}
,"/app/src/shared/prisma/prisma.module.ts": {"path":"/app/src/shared/prisma/prisma.module.ts","statementMap":{"0":{"start":{"line":1,"column":0},"end":{"line":1,"column":48}},"1":{"start":{"line":2,"column":0},"end":{"line":2,"column":46}},"2":{"start":{"line":3,"column":0},"end":{"line":3,"column":43}},"3":{"start":{"line":4,"column":0},"end":{"line":4,"column":49}},"4":{"start":{"line":17,"column":7},"end":{"line":17,"column":null}},"5":{"start":{"line":17,"column":13},"end":{"line":17,"column":25}},"6":{"start":{"line":17,"column":13},"end":{"line":17,"column":null}}},"fnMap":{},"branchMap":{},"s":{"0":0,"1":0,"2":0,"3":0,"4":0,"5":0,"6":0},"f":{},"b":{}}
,"/app/src/shared/prisma/prisma.service.ts": {"path":"/app/src/shared/prisma/prisma.service.ts","statementMap":{"0":{"start":{"line":1,"column":0},"end":{"line":1,"column":75}},"1":{"start":{"line":2,"column":0},"end":{"line":2,"column":46}},"2":{"start":{"line":5,"column":7},"end":{"line":16,"column":null}},"3":{"start":{"line":10,"column":4},"end":{"line":10,"column":26}},"4":{"start":{"line":14,"column":4},"end":{"line":14,"column":29}},"5":{"start":{"line":5,"column":13},"end":{"line":5,"column":26}},"6":{"start":{"line":5,"column":13},"end":{"line":16,"column":null}}},"fnMap":{"0":{"name":"(anonymous_1)","decl":{"start":{"line":9,"column":2},"end":{"line":9,"column":7}},"loc":{"start":{"line":9,"column":20},"end":{"line":11,"column":3}}},"1":{"name":"(anonymous_2)","decl":{"start":{"line":13,"column":2},"end":{"line":13,"column":7}},"loc":{"start":{"line":13,"column":23},"end":{"line":15,"column":3}}}},"branchMap":{},"s":{"0":0,"1":0,"2":0,"3":0,"4":0,"5":0,"6":0},"f":{"0":0,"1":0},"b":{}}
}
